c:\users\tcape\source\repos\datastructures\datastructures_timcapehart\main\debug\vc141.pdb
c:\users\tcape\source\repos\datastructures\datastructures_timcapehart\main\debug\vc141.idb
c:\users\tcape\source\repos\datastructures\datastructures_timcapehart\main\debug\freecelldriver.obj
c:\users\tcape\source\repos\datastructures\datastructures_timcapehart\main\debug\graphmain.obj
c:\users\tcape\source\repos\datastructures\datastructures_timcapehart\main\debug\main.obj
c:\users\tcape\source\repos\datastructures\datastructures_timcapehart\main\debug\minesweeperdriver.obj
c:\users\tcape\source\repos\datastructures\datastructures_timcapehart\main\debug\scratch.obj
c:\users\tcape\source\repos\datastructures\datastructures_timcapehart\main\debug\sortingmain.obj
c:\users\tcape\source\repos\datastructures\datastructures_timcapehart\main\debug\listdirectorycontents.obj
c:\users\tcape\source\repos\datastructures\datastructures_timcapehart\main\debug\dijkstra.obj
c:\users\tcape\source\repos\datastructures\datastructures_timcapehart\main\debug\graphmain.obj.enc
c:\users\tcape\source\repos\datastructures\datastructures_timcapehart\debug\main.pdb
c:\users\tcape\source\repos\datastructures\datastructures_timcapehart\debug\main.exe
c:\users\tcape\source\repos\datastructures\datastructures_timcapehart\debug\main.ilk
c:\users\tcape\source\repos\datastructures\datastructures_timcapehart\main\debug\main.tlog\cl.command.1.tlog
c:\users\tcape\source\repos\datastructures\datastructures_timcapehart\main\debug\main.tlog\cl.read.1.tlog
c:\users\tcape\source\repos\datastructures\datastructures_timcapehart\main\debug\main.tlog\cl.write.1.tlog
c:\users\tcape\source\repos\datastructures\datastructures_timcapehart\main\debug\main.tlog\link.command.1.tlog
c:\users\tcape\source\repos\datastructures\datastructures_timcapehart\main\debug\main.tlog\link.read.1.tlog
c:\users\tcape\source\repos\datastructures\datastructures_timcapehart\main\debug\main.tlog\link.write.1.tlog
